<?xml version="1.0" encoding="UTF-8"?>
<!-- Generated by org.testng.reporters.JUnitReportReporter -->
<testsuite hostname="Error" failures="0" tests="2" name="org.testing.SearchPage" time="4.117" errors="0" timestamp="02 Apr 2024 10:20:00 GMT" skipped="1">
  <testcase classname="org.testing.SearchPage" name="searchProduct1" time="4.117"/>
  <testcase classname="org.testing.SearchPage" name="login">
    <skipped/>
  </testcase> <!-- login -->
</testsuite> <!-- org.testing.SearchPage -->
